0 info it worked if it ends with ok
1 verbose cli [ 'C:\\Program Files\\nodejs\\\\node.exe',
1 verbose cli   'C:\\Program Files\\nodejs\\node_modules\\npm\\bin\\npm-cli.js',
1 verbose cli   'start' ]
2 info using npm@3.3.12
3 info using node@v0.10.22
4 verbose run-script [ 'prestart', 'start', 'poststart' ]
5 info lifecycle application-name@0.0.1~prestart: application-name@0.0.1
6 silly lifecycle application-name@0.0.1~prestart: no script for prestart, continuing
7 info lifecycle application-name@0.0.1~start: application-name@0.0.1
8 verbose lifecycle application-name@0.0.1~start: unsafe-perm in lifecycle true
9 verbose lifecycle application-name@0.0.1~start: PATH: C:\Program Files\nodejs\node_modules\npm\bin\node-gyp-bin;C:\projects\recipes\node_modules\.bin;C:\ImageMagick-6.7;C:\ImageMagick;C:\RailsInstaller\Git\cmd;C:\RailsInstaller\Ruby2.1.0\bin;C:\row\Ruby200\bin;C:\Program Files\Common Files\Microsoft Shared\Windows Live;C:\Program Files (x86)\Common Files\Microsoft Shared\Windows Live;C:\Program Files (x86)\Intel\iCLS Client\;C:\Program Files\Intel\iCLS Client\;C:\windows\system32;C:\windows;C:\windows\System32\Wbem;C:\windows\System32\WindowsPowerShell\v1.0\;C:\Program Files\Intel\Intel(R) Management Engine Components\DAL;C:\Program Files\Intel\Intel(R) Management Engine Components\IPT;C:\Program Files (x86)\Intel\Intel(R) Management Engine Components\DAL;C:\Program Files (x86)\Intel\Intel(R) Management Engine Components\IPT;C:\Program Files (x86)\Intel\OpenCL SDK\1.5\bin\x86;C:\Program Files (x86)\Intel\OpenCL SDK\1.5\bin\x64;C:\Program Files (x86)\Windows Live\Shared;C:\Program Files\nodejs\;c:\Program Files (x86)\Microsoft SQL Server\110\Tools\Binn\ManagementStudio\;c:\Program Files (x86)\Microsoft SQL Server\110\Tools\Binn\;c:\Program Files (x86)\Microsoft SQL Server\110\DTS\Binn\;C:\ProgramData\ComposerSetup\bin;C:\wamp\bin\php\php5.5.12;C:\HashiCorp\Vagrant\bin;~/.composer/vendor/bin;C:\wamp\www\betting\js\casperjs\bin;C:\sqlite;C:\mysql\bin;C:\Users\User\AppData\Roaming\npm;C:\Program Files\MongoDB\bin;C:\Program Files\curl\bin;C:\Program Files\Common Files\Microsoft Shared\Windows Live;C:\Program Files (x86)\Common Files\Microsoft Shared\Windows Live;C:\Program Files (x86)\Intel\iCLS Client\;C:\Program Files\Intel\iCLS Client\;C:\windows\system32;C:\windows;C:\windows\System32\Wbem;C:\windows\System32\WindowsPowerShell\v1.0\;C:\Program Files\Intel\Intel(R) Management Engine Components\DAL;C:\Program Files\Intel\Intel(R) Management Engine Components\IPT;C:\Program Files (x86)\Intel\Intel(R) Management Engine Components\DAL;C:\Program Files (x86)\Intel\Intel(R) Management Engine Components\IPT;C:\Program Files (x86)\Intel\OpenCL SDK\1.5\bin\x86;C:\Program Files (x86)\Intel\OpenCL SDK\1.5\bin\x64;C:\Program Files (x86)\Windows Live\Shared;C:\Program Files\nodejs\;c:\Program Files (x86)\Microsoft SQL Server\110\Tools\Binn\ManagementStudio\;c:\Program Files (x86)\Microsoft SQL Server\110\Tools\Binn\;c:\Program Files (x86)\Microsoft SQL Server\110\DTS\Binn\;C:\ProgramData\ComposerSetup\bin;C:\wamp\bin\php\php5.5.12;C:\HashiCorp\Vagrant\b
10 verbose lifecycle application-name@0.0.1~start: CWD: C:\projects\recipes
11 silly lifecycle application-name@0.0.1~start: Args: [ '/d /s /c', 'node ./bin/www' ]
12 silly lifecycle application-name@0.0.1~start: Returned: code: 8  signal: null
13 info lifecycle application-name@0.0.1~start: Failed to exec start script
14 verbose stack Error: application-name@0.0.1 start: `node ./bin/www`
14 verbose stack Exit status 8
14 verbose stack     at EventEmitter.<anonymous> (C:\Program Files\nodejs\node_modules\npm\lib\utils\lifecycle.js:232:16)
14 verbose stack     at EventEmitter.emit (events.js:98:17)
14 verbose stack     at ChildProcess.<anonymous> (C:\Program Files\nodejs\node_modules\npm\lib\utils\spawn.js:24:14)
14 verbose stack     at ChildProcess.EventEmitter.emit (events.js:98:17)
14 verbose stack     at maybeClose (child_process.js:735:16)
14 verbose stack     at Process.ChildProcess._handle.onexit (child_process.js:802:5)
15 verbose pkgid application-name@0.0.1
16 verbose cwd C:\projects\recipes
17 error Windows_NT 6.1.7601
18 error argv "C:\\Program Files\\nodejs\\\\node.exe" "C:\\Program Files\\nodejs\\node_modules\\npm\\bin\\npm-cli.js" "start"
19 error node v0.10.22
20 error npm  v3.3.12
21 error code ELIFECYCLE
22 error application-name@0.0.1 start: `node ./bin/www`
22 error Exit status 8
23 error Failed at the application-name@0.0.1 start script 'node ./bin/www'.
23 error Make sure you have the latest version of node.js and npm installed.
23 error If you do, this is most likely a problem with the application-name package,
23 error not with npm itself.
23 error Tell the author that this fails on your system:
23 error     node ./bin/www
23 error You can get their info via:
23 error     npm owner ls application-name
23 error There is likely additional logging output above.
24 verbose exit [ 1, true ]
